
*** Running vivado
    with args -log Processor.vds -m64 -product Vivado -mode batch -messageDb vivado.pb -notrace -source Processor.tcl



****** Vivado v2025.1 (64-bit)
  **** SW Build 6140274 on Thu May 22 00:12:29 MDT 2025
  **** IP Build 6138677 on Thu May 22 03:10:11 MDT 2025
  **** SharedData Build 6139179 on Tue May 20 17:58:58 MDT 2025
  **** Start of session at: Sun Sep  7 16:44:37 2025
    ** Copyright 1986-2022 Xilinx, Inc. All Rights Reserved.
    ** Copyright 2022-2025 Advanced Micro Devices, Inc. All Rights Reserved.

source Processor.tcl -notrace
Command: read_checkpoint -auto_incremental -incremental C:/Users/alexa/vivado_projects/8bitprocessor/8bitprocessor.srcs/utils_1/imports/synth_1/Processor.dcp
INFO: [Vivado 12-5825] Read reference checkpoint from C:/Users/alexa/vivado_projects/8bitprocessor/8bitprocessor.srcs/utils_1/imports/synth_1/Processor.dcp for incremental synthesis
INFO: [Vivado 12-7989] Please ensure there are no constraint changes
Command: synth_design -top Processor -part xc7s50csga324-1
Starting synth_design
Attempting to get a license for feature 'Synthesis' and/or device 'xc7s50'
INFO: [Common 17-349] Got license for feature 'Synthesis' and/or device 'xc7s50'
INFO: [Device 21-403] Loading part xc7s50csga324-1
INFO: [Designutils 20-5440] No compile time benefit to using incremental synthesis; A full resynthesis will be run
INFO: [Designutils 20-4379] Flow is switching to default flow due to incremental criteria not met. If you would like to alter this behaviour and have the flow terminate instead, please set the following parameter config_implementation {autoIncr.Synth.RejectBehavior Terminate}
INFO: [Synth 8-7079] Multithreading enabled for synth_design using a maximum of 2 processes.
INFO: [Synth 8-7078] Launching helper process for spawning children vivado processes
INFO: [Synth 8-7075] Helper process launched with PID 12756
---------------------------------------------------------------------------------
Starting RTL Elaboration : Time (s): cpu = 00:00:04 ; elapsed = 00:00:04 . Memory (MB): peak = 1179.352 ; gain = 493.383
---------------------------------------------------------------------------------
WARNING: [Synth 8-11121] redeclaration of ANSI port 'q' is not allowed [C:/Users/alexa/vivado_projects/8bitprocessor/design_source/Synchronizers.sv:20]
INFO: [Synth 8-6157] synthesizing module 'Processor' [C:/Users/alexa/vivado_projects/8bitprocessor/design_source/Processor.sv:8]
INFO: [Synth 8-6157] synthesizing module 'reg_8_unit' [C:/Users/alexa/vivado_projects/8bitprocessor/8bitprocessor.srcs/sources_1/new/reg_8_unit.sv:23]
INFO: [Synth 8-6157] synthesizing module 'reg_8' [C:/Users/alexa/vivado_projects/8bitprocessor/8bitprocessor.srcs/sources_1/new/reg_8.sv:23]
INFO: [Synth 8-6155] done synthesizing module 'reg_8' (0#1) [C:/Users/alexa/vivado_projects/8bitprocessor/8bitprocessor.srcs/sources_1/new/reg_8.sv:23]
INFO: [Synth 8-6155] done synthesizing module 'reg_8_unit' (0#1) [C:/Users/alexa/vivado_projects/8bitprocessor/8bitprocessor.srcs/sources_1/new/reg_8_unit.sv:23]
INFO: [Synth 8-6157] synthesizing module 'compute' [C:/Users/alexa/vivado_projects/8bitprocessor/design_source/compute.sv:1]
INFO: [Synth 8-294] found qualifier unique on case statement: implementing as parallel_case [C:/Users/alexa/vivado_projects/8bitprocessor/design_source/compute.sv:14]
INFO: [Synth 8-6155] done synthesizing module 'compute' (0#1) [C:/Users/alexa/vivado_projects/8bitprocessor/design_source/compute.sv:1]
INFO: [Synth 8-6157] synthesizing module 'router' [C:/Users/alexa/vivado_projects/8bitprocessor/design_source/Router.sv:1]
INFO: [Synth 8-294] found qualifier unique on case statement: implementing as parallel_case [C:/Users/alexa/vivado_projects/8bitprocessor/design_source/Router.sv:13]
INFO: [Synth 8-294] found qualifier unique on case statement: implementing as parallel_case [C:/Users/alexa/vivado_projects/8bitprocessor/design_source/Router.sv:23]
INFO: [Synth 8-6155] done synthesizing module 'router' (0#1) [C:/Users/alexa/vivado_projects/8bitprocessor/design_source/Router.sv:1]
INFO: [Synth 8-6157] synthesizing module 'control_8' [C:/Users/alexa/vivado_projects/8bitprocessor/8bitprocessor.srcs/sources_1/new/control_8.sv:23]
INFO: [Synth 8-294] found qualifier unique on case statement: implementing as parallel_case [C:/Users/alexa/vivado_projects/8bitprocessor/8bitprocessor.srcs/sources_1/new/control_8.sv:54]
INFO: [Synth 8-294] found qualifier unique on case statement: implementing as parallel_case [C:/Users/alexa/vivado_projects/8bitprocessor/8bitprocessor.srcs/sources_1/new/control_8.sv:83]
INFO: [Synth 8-6155] done synthesizing module 'control_8' (0#1) [C:/Users/alexa/vivado_projects/8bitprocessor/8bitprocessor.srcs/sources_1/new/control_8.sv:23]
INFO: [Synth 8-6157] synthesizing module 'HexDriver' [C:/Users/alexa/vivado_projects/8bitprocessor/design_source/HexDriver.sv:1]
INFO: [Synth 8-6157] synthesizing module 'nibble_to_hex' [C:/Users/alexa/vivado_projects/8bitprocessor/design_source/HexDriver.sv:11]
INFO: [Synth 8-6155] done synthesizing module 'nibble_to_hex' (0#1) [C:/Users/alexa/vivado_projects/8bitprocessor/design_source/HexDriver.sv:11]
INFO: [Synth 8-6157] synthesizing module 'nibble_to_hex' [C:/Users/alexa/vivado_projects/8bitprocessor/design_source/HexDriver.sv:11]
INFO: [Synth 8-6155] done synthesizing module 'nibble_to_hex' (0#1) [C:/Users/alexa/vivado_projects/8bitprocessor/design_source/HexDriver.sv:11]
INFO: [Synth 8-6157] synthesizing module 'nibble_to_hex' [C:/Users/alexa/vivado_projects/8bitprocessor/design_source/HexDriver.sv:11]
INFO: [Synth 8-6155] done synthesizing module 'nibble_to_hex' (0#1) [C:/Users/alexa/vivado_projects/8bitprocessor/design_source/HexDriver.sv:11]
INFO: [Synth 8-6157] synthesizing module 'nibble_to_hex' [C:/Users/alexa/vivado_projects/8bitprocessor/design_source/HexDriver.sv:11]
INFO: [Synth 8-6155] done synthesizing module 'nibble_to_hex' (0#1) [C:/Users/alexa/vivado_projects/8bitprocessor/design_source/HexDriver.sv:11]
INFO: [Synth 8-6155] done synthesizing module 'HexDriver' (0#1) [C:/Users/alexa/vivado_projects/8bitprocessor/design_source/HexDriver.sv:1]
INFO: [Synth 8-6157] synthesizing module 'sync_debounce' [C:/Users/alexa/vivado_projects/8bitprocessor/design_source/Synchronizers.sv:13]
INFO: [Synth 8-6155] done synthesizing module 'sync_debounce' (0#1) [C:/Users/alexa/vivado_projects/8bitprocessor/design_source/Synchronizers.sv:13]
INFO: [Synth 8-6155] done synthesizing module 'Processor' (0#1) [C:/Users/alexa/vivado_projects/8bitprocessor/design_source/Processor.sv:8]
---------------------------------------------------------------------------------
Finished RTL Elaboration : Time (s): cpu = 00:00:06 ; elapsed = 00:00:05 . Memory (MB): peak = 1286.535 ; gain = 600.566
---------------------------------------------------------------------------------
---------------------------------------------------------------------------------
Start Handling Custom Attributes
---------------------------------------------------------------------------------
---------------------------------------------------------------------------------
Finished Handling Custom Attributes : Time (s): cpu = 00:00:06 ; elapsed = 00:00:05 . Memory (MB): peak = 1286.535 ; gain = 600.566
---------------------------------------------------------------------------------
---------------------------------------------------------------------------------
Finished RTL Optimization Phase 1 : Time (s): cpu = 00:00:06 ; elapsed = 00:00:05 . Memory (MB): peak = 1286.535 ; gain = 600.566
---------------------------------------------------------------------------------
Netlist sorting complete. Time (s): cpu = 00:00:00 ; elapsed = 00:00:00.003 . Memory (MB): peak = 1286.535 ; gain = 0.000
INFO: [Project 1-570] Preparing netlist for logic optimization

Processing XDC Constraints
Initializing timing engine
Parsing XDC File [C:/Users/alexa/vivado_projects/8bitprocessor/8bitprocessor.srcs/constrs_1/imports/Downloads/Working_Current.xdc]
Finished Parsing XDC File [C:/Users/alexa/vivado_projects/8bitprocessor/8bitprocessor.srcs/constrs_1/imports/Downloads/Working_Current.xdc]
INFO: [Project 1-236] Implementation specific constraints were found while reading constraint file [C:/Users/alexa/vivado_projects/8bitprocessor/8bitprocessor.srcs/constrs_1/imports/Downloads/Working_Current.xdc]. These constraints will be ignored for synthesis but will be used in implementation. Impacted constraints are listed in the file [.Xil/Processor_propImpl.xdc].
Resolution: To avoid this warning, move constraints listed in [.Xil/Processor_propImpl.xdc] to another XDC file and exclude this new file from synthesis with the used_in_synthesis property (File Properties dialog in GUI) and re-run elaboration/synthesis.
Completed Processing XDC Constraints

Netlist sorting complete. Time (s): cpu = 00:00:00 ; elapsed = 00:00:00 . Memory (MB): peak = 1352.633 ; gain = 0.000
INFO: [Project 1-111] Unisim Transformation Summary:
No Unisim elements were transformed.

Constraint Validation Runtime : Time (s): cpu = 00:00:00 ; elapsed = 00:00:00.003 . Memory (MB): peak = 1352.633 ; gain = 0.000
INFO: [Designutils 20-5440] No compile time benefit to using incremental synthesis; A full resynthesis will be run
INFO: [Designutils 20-4379] Flow is switching to default flow due to incremental criteria not met. If you would like to alter this behaviour and have the flow terminate instead, please set the following parameter config_implementation {autoIncr.Synth.RejectBehavior Terminate}
---------------------------------------------------------------------------------
Finished Constraint Validation : Time (s): cpu = 00:00:13 ; elapsed = 00:00:13 . Memory (MB): peak = 1352.633 ; gain = 666.664
---------------------------------------------------------------------------------
---------------------------------------------------------------------------------
Start Loading Part and Timing Information
---------------------------------------------------------------------------------
Loading part: xc7s50csga324-1
---------------------------------------------------------------------------------
Finished Loading Part and Timing Information : Time (s): cpu = 00:00:13 ; elapsed = 00:00:13 . Memory (MB): peak = 1352.633 ; gain = 666.664
---------------------------------------------------------------------------------
---------------------------------------------------------------------------------
Start Applying 'set_property' XDC Constraints
---------------------------------------------------------------------------------
---------------------------------------------------------------------------------
Finished applying 'set_property' XDC Constraints : Time (s): cpu = 00:00:13 ; elapsed = 00:00:13 . Memory (MB): peak = 1352.633 ; gain = 666.664
---------------------------------------------------------------------------------
INFO: [Synth 8-802] inferred FSM for state register 'curr_state_reg' in module 'control_8'
---------------------------------------------------------------------------------------------------
                   State |                     New Encoding |                Previous Encoding 
---------------------------------------------------------------------------------------------------
                 s_start |                       0000000001 |                             0000
                s_count0 |                       0000000010 |                             0001
                s_count1 |                       0000000100 |                             0010
                s_count2 |                       0000001000 |                             0011
                s_count3 |                       0000010000 |                             0100
                s_count4 |                       0000100000 |                             0101
                s_count5 |                       0001000000 |                             0110
                s_count6 |                       0010000000 |                             0111
                s_count7 |                       0100000000 |                             1000
                  s_done |                       1000000000 |                             1001
---------------------------------------------------------------------------------------------------
INFO: [Synth 8-3354] encoded FSM with state register 'curr_state_reg' using encoding 'one-hot' in module 'control_8'
---------------------------------------------------------------------------------
Finished RTL Optimization Phase 2 : Time (s): cpu = 00:00:13 ; elapsed = 00:00:13 . Memory (MB): peak = 1352.633 ; gain = 666.664
---------------------------------------------------------------------------------
---------------------------------------------------------------------------------
Start RTL Component Statistics 
---------------------------------------------------------------------------------
Detailed RTL Component Info : 
+---XORs : 
	   2 Input      1 Bit         XORs := 18    
+---Registers : 
	                8 Bit    Registers := 2     
	                1 Bit    Registers := 51    
+---Muxes : 
	   2 Input    8 Bit        Muxes := 3     
	   4 Input    8 Bit        Muxes := 1     
	   5 Input    4 Bit        Muxes := 1     
	   2 Input    1 Bit        Muxes := 2     
	   4 Input    1 Bit        Muxes := 2     
	   3 Input    1 Bit        Muxes := 3     
	  10 Input    1 Bit        Muxes := 1     
---------------------------------------------------------------------------------
Finished RTL Component Statistics 
---------------------------------------------------------------------------------
---------------------------------------------------------------------------------
Start Part Resource Summary
---------------------------------------------------------------------------------
Part Resources:
DSPs: 120 (col length:60)
BRAMs: 150 (col length: RAMB18 60 RAMB36 30)
---------------------------------------------------------------------------------
Finished Part Resource Summary
---------------------------------------------------------------------------------
---------------------------------------------------------------------------------
Start Cross Boundary and Area Optimization
---------------------------------------------------------------------------------
WARNING: [Synth 8-7080] Parallel synthesis criteria is not met
WARNING: [Synth 8-3917] design Processor has port hex_seg[7] driven by constant 1
---------------------------------------------------------------------------------
Finished Cross Boundary and Area Optimization : Time (s): cpu = 00:00:16 ; elapsed = 00:00:16 . Memory (MB): peak = 1352.633 ; gain = 666.664
---------------------------------------------------------------------------------
---------------------------------------------------------------------------------
Start Applying XDC Timing Constraints
---------------------------------------------------------------------------------
---------------------------------------------------------------------------------
Finished Applying XDC Timing Constraints : Time (s): cpu = 00:00:24 ; elapsed = 00:00:24 . Memory (MB): peak = 1499.637 ; gain = 813.668
---------------------------------------------------------------------------------
---------------------------------------------------------------------------------
Start Timing Optimization
---------------------------------------------------------------------------------
---------------------------------------------------------------------------------
Finished Timing Optimization : Time (s): cpu = 00:00:24 ; elapsed = 00:00:25 . Memory (MB): peak = 1523.582 ; gain = 837.613
---------------------------------------------------------------------------------
---------------------------------------------------------------------------------
Start Technology Mapping
---------------------------------------------------------------------------------
---------------------------------------------------------------------------------
Finished Technology Mapping : Time (s): cpu = 00:00:24 ; elapsed = 00:00:25 . Memory (MB): peak = 1523.582 ; gain = 837.613
---------------------------------------------------------------------------------
---------------------------------------------------------------------------------
Start IO Insertion
---------------------------------------------------------------------------------
---------------------------------------------------------------------------------
Start Flattening Before IO Insertion
---------------------------------------------------------------------------------
---------------------------------------------------------------------------------
Finished Flattening Before IO Insertion
---------------------------------------------------------------------------------
---------------------------------------------------------------------------------
Start Final Netlist Cleanup
---------------------------------------------------------------------------------
---------------------------------------------------------------------------------
Finished Final Netlist Cleanup
---------------------------------------------------------------------------------
---------------------------------------------------------------------------------
Finished IO Insertion : Time (s): cpu = 00:00:30 ; elapsed = 00:00:31 . Memory (MB): peak = 1746.000 ; gain = 1060.031
---------------------------------------------------------------------------------
---------------------------------------------------------------------------------
Start Renaming Generated Instances
---------------------------------------------------------------------------------
---------------------------------------------------------------------------------
Finished Renaming Generated Instances : Time (s): cpu = 00:00:30 ; elapsed = 00:00:31 . Memory (MB): peak = 1746.000 ; gain = 1060.031
---------------------------------------------------------------------------------
---------------------------------------------------------------------------------
Start Rebuilding User Hierarchy
---------------------------------------------------------------------------------
---------------------------------------------------------------------------------
Finished Rebuilding User Hierarchy : Time (s): cpu = 00:00:30 ; elapsed = 00:00:31 . Memory (MB): peak = 1746.000 ; gain = 1060.031
---------------------------------------------------------------------------------
---------------------------------------------------------------------------------
Start Renaming Generated Ports
---------------------------------------------------------------------------------
---------------------------------------------------------------------------------
Finished Renaming Generated Ports : Time (s): cpu = 00:00:30 ; elapsed = 00:00:31 . Memory (MB): peak = 1746.000 ; gain = 1060.031
---------------------------------------------------------------------------------
---------------------------------------------------------------------------------
Start Handling Custom Attributes
---------------------------------------------------------------------------------
---------------------------------------------------------------------------------
Finished Handling Custom Attributes : Time (s): cpu = 00:00:30 ; elapsed = 00:00:31 . Memory (MB): peak = 1746.000 ; gain = 1060.031
---------------------------------------------------------------------------------
---------------------------------------------------------------------------------
Start Renaming Generated Nets
---------------------------------------------------------------------------------
---------------------------------------------------------------------------------
Finished Renaming Generated Nets : Time (s): cpu = 00:00:30 ; elapsed = 00:00:31 . Memory (MB): peak = 1746.000 ; gain = 1060.031
---------------------------------------------------------------------------------
---------------------------------------------------------------------------------
Start Writing Synthesis Report
---------------------------------------------------------------------------------

Report BlackBoxes: 
+-+--------------+----------+
| |BlackBox name |Instances |
+-+--------------+----------+
+-+--------------+----------+

Report Cell Usage: 
+------+-------+------+
|      |Cell   |Count |
+------+-------+------+
|1     |BUFG   |     1|
|2     |CARRY4 |    73|
|3     |LUT1   |    35|
|4     |LUT2   |    17|
|5     |LUT3   |     7|
|6     |LUT4   |    31|
|7     |LUT5   |    28|
|8     |LUT6   |     6|
|9     |MUXF7  |    14|
|10    |MUXF8  |     7|
|11    |FDRE   |   365|
|12    |FDSE   |     1|
|13    |IBUF   |    18|
|14    |OBUF   |    32|
+------+-------+------+
---------------------------------------------------------------------------------
Finished Writing Synthesis Report : Time (s): cpu = 00:00:30 ; elapsed = 00:00:31 . Memory (MB): peak = 1746.000 ; gain = 1060.031
---------------------------------------------------------------------------------
Synthesis finished with 0 errors, 0 critical warnings and 2 warnings.
Synthesis Optimization Runtime : Time (s): cpu = 00:00:23 ; elapsed = 00:00:30 . Memory (MB): peak = 1746.000 ; gain = 993.934
Synthesis Optimization Complete : Time (s): cpu = 00:00:30 ; elapsed = 00:00:31 . Memory (MB): peak = 1746.000 ; gain = 1060.031
INFO: [Project 1-571] Translating synthesized netlist
Netlist sorting complete. Time (s): cpu = 00:00:00 ; elapsed = 00:00:00.003 . Memory (MB): peak = 1755.172 ; gain = 0.000
INFO: [Netlist 29-17] Analyzing 94 Unisim elements for replacement
INFO: [Netlist 29-28] Unisim Transformation completed in 0 CPU seconds
INFO: [Project 1-570] Preparing netlist for logic optimization
INFO: [Opt 31-138] Pushed 0 inverter(s) to 0 load pin(s).
Netlist sorting complete. Time (s): cpu = 00:00:00 ; elapsed = 00:00:00 . Memory (MB): peak = 1758.883 ; gain = 0.000
INFO: [Project 1-111] Unisim Transformation Summary:
No Unisim elements were transformed.

Synth Design complete | Checksum: 36837e0c
INFO: [Common 17-83] Releasing license: Synthesis
52 Infos, 3 Warnings, 0 Critical Warnings and 0 Errors encountered.
synth_design completed successfully
synth_design: Time (s): cpu = 00:00:31 ; elapsed = 00:00:35 . Memory (MB): peak = 1758.883 ; gain = 1241.438
Write ShapeDB Complete: Time (s): cpu = 00:00:00 ; elapsed = 00:00:00.003 . Memory (MB): peak = 1758.883 ; gain = 0.000
INFO: [Common 17-1381] The checkpoint 'C:/Users/alexa/vivado_projects/8bitprocessor/8bitprocessor.runs/synth_1/Processor.dcp' has been generated.
INFO: [Vivado 12-24828] Executing command : report_utilization -file Processor_utilization_synth.rpt -pb Processor_utilization_synth.pb
INFO: [Common 17-206] Exiting Vivado at Sun Sep  7 16:45:19 2025...
